<?xml version="1.0" encoding="UTF-8"?>
<!-- Generated by org.testng.reporters.JUnitReportReporter -->
<testsuite hostname="SaranyaPC" failures="0" tests="3" name="com.clay.mobile.testautomation.testsuite.CreateUserRough" time="54.957" errors="0" timestamp="2023-05-22T14:49:12 IST" skipped="1">
  <testcase classname="com.clay.mobile.testautomation.testsuite.CreateUserRough" name="loginTest" time="37.989"/>
  <system-out/>
  <testcase classname="com.clay.mobile.testautomation.testsuite.CreateUserRough" name="logOut" time="16.968"/>
  <system-out/>
  <testcase classname="com.clay.mobile.testautomation.testsuite.CreateUserRough" name="CreateUser">
    <skipped/>
  </testcase> <!-- CreateUser -->
  <system-out/>
</testsuite> <!-- com.clay.mobile.testautomation.testsuite.CreateUserRough -->
