<?xml version="1.0" encoding="UTF-8"?>
<!-- Generated by org.testng.reporters.JUnitReportReporter -->
<testsuite hostname="SaranyaPC" failures="0" tests="3" name="com.clay.mobile.testautomation.testsuite.SaltoKSLockEnableEOM" time="50.252" errors="0" timestamp="2023-05-22T18:39:32 IST" skipped="0">
  <testcase classname="com.clay.mobile.testautomation.testsuite.SaltoKSLockEnableEOM" name="loginTest" time="22.825"/>
  <system-out/>
  <testcase classname="com.clay.mobile.testautomation.testsuite.SaltoKSLockEnableEOM" name="enableLockEOM" time="11.968"/>
  <system-out/>
  <testcase classname="com.clay.mobile.testautomation.testsuite.SaltoKSLockEnableEOM" name="logOut" time="15.459"/>
  <system-out/>
</testsuite> <!-- com.clay.mobile.testautomation.testsuite.SaltoKSLockEnableEOM -->
