<?xml version="1.0" encoding="UTF-8"?>
<!-- Generated by org.testng.reporters.JUnitReportReporter -->
<testsuite hostname="SaranyaPC" failures="0" tests="3" name="com.clay.mobile.testautomation.testsuite.SaltoKSCreateUser" time="54.532" errors="0" timestamp="2023-05-22T18:39:32 IST" skipped="1">
  <testcase classname="com.clay.mobile.testautomation.testsuite.SaltoKSCreateUser" name="loginTest" time="37.374"/>
  <system-out/>
  <testcase classname="com.clay.mobile.testautomation.testsuite.SaltoKSCreateUser" name="logOut" time="17.158"/>
  <system-out/>
  <testcase classname="com.clay.mobile.testautomation.testsuite.SaltoKSCreateUser" name="CreateUser">
    <skipped/>
  </testcase> <!-- CreateUser -->
  <system-out/>
</testsuite> <!-- com.clay.mobile.testautomation.testsuite.SaltoKSCreateUser -->
